(Loading /usr/local/share/perl/5.34.0/LaTeXML/Package/TeX.pool.ltxml...
(Loading /usr/local/share/perl/5.34.0/LaTeXML/Package/eTeX.pool.ltxml... 0.00 sec)
(Loading /usr/local/share/perl/5.34.0/LaTeXML/Package/pdfTeX.pool.ltxml... 0.00 sec) 0.08 sec)
(Loading /usr/local/share/perl/5.34.0/LaTeXML/Package/latexml.sty.ltxml... 0.01 sec)
(Loading /opt/ar5iv-bindings/bindings/ar5iv.sty.ltxml... 0.00 sec)
latexmlc (LaTeXML version 0.8.8)
invoked as [/usr/local/bin/latexmlc --preload=[nobibtex,ids,localrawstyles,nobreakuntex,magnify=1.8,zoomout=1.8,tokenlimit=249999999,iflimit=3599999,absorblimit=1299999,pushbacklimit=599999]latexml.sty --preload=ar5iv.sty --path=/opt/ar5iv-bindings/bindings --path=/opt/ar5iv-bindings/supported_originals --format=html5 --pmml --cmml --mathtex --timeout=2700 --noinvisibletimes --nodefaultresources --css=https://cdn.jsdelivr.net/gh/dginev/ar5iv-css@0.7.9/css/ar5iv.min.css --css=https://cdn.jsdelivr.net/gh/dginev/ar5iv-css@0.7.9/css/ar5iv-fonts.min.css --source=turbocall.tex --destination=docs/turbocall.html]
processing started Sun Jun  9 15:20:40 2024
(Digesting TeX turbocall...
(Processing content /docdir/turbocall.tex...
(Loading /usr/local/share/perl/5.34.0/LaTeXML/Package/LaTeX.pool.ltxml...
(Loading /usr/local/share/perl/5.34.0/LaTeXML/Package/textcomp.sty.ltxml...
(Processing definitions /usr/share/texlive/texmf-dist/tex/latex/base/ts1enc.dfu... 0.01 sec) 0.35 sec) 0.47 sec)
(Loading /usr/local/share/perl/5.34.0/LaTeXML/Package/article.cls.ltxml... 0.01 sec)
(Loading /usr/local/share/perl/5.34.0/LaTeXML/Package/amsmath.sty.ltxml...
(Loading /usr/local/share/perl/5.34.0/LaTeXML/Package/amsbsy.sty.ltxml...
(Loading /usr/local/share/perl/5.34.0/LaTeXML/Package/amsgen.sty.ltxml... 0.00 sec) 0.00 sec)
(Loading /usr/local/share/perl/5.34.0/LaTeXML/Package/amstext.sty.ltxml... 0.00 sec)
(Loading /usr/local/share/perl/5.34.0/LaTeXML/Package/amsopn.sty.ltxml... 0.01 sec) 0.03 sec)
(Loading /usr/local/share/perl/5.34.0/LaTeXML/Package/amsfonts.sty.ltxml... 0.00 sec)
(Loading /usr/local/share/perl/5.34.0/LaTeXML/Package/graphicx.sty.ltxml...
(Loading /usr/local/share/perl/5.34.0/LaTeXML/Package/graphics.sty.ltxml... 0.00 sec) 0.01 sec)
(Loading /usr/local/share/perl/5.34.0/LaTeXML/Package/color.sty.ltxml...
(Processing definitions /usr/share/texlive/texmf-dist/tex/latex/graphics/dvipsnam.def... 0.03 sec) 0.04 sec)
(Loading /usr/local/share/perl/5.34.0/LaTeXML/Package/multirow.sty.ltxml... 0.00 sec)
(Loading /usr/local/share/perl/5.34.0/LaTeXML/Package/tabularx.sty.ltxml...
(Loading /usr/local/share/perl/5.34.0/LaTeXML/Package/array.sty.ltxml... 0.00 sec) 0.00 sec)
(Loading /usr/local/share/perl/5.34.0/LaTeXML/Package/booktabs.sty.ltxml... 0.00 sec)
(Loading /usr/local/share/perl/5.34.0/LaTeXML/Package/longtable.sty.ltxml... 0.00 sec)
(Loading /usr/local/share/perl/5.34.0/LaTeXML/Package/caption.sty.ltxml... 0.00 sec)
(Loading /usr/local/share/perl/5.34.0/LaTeXML/Package/colortbl.sty.ltxml... 0.01 sec)
(Loading /usr/local/share/perl/5.34.0/LaTeXML/Package/url.sty.ltxml... 0.00 sec)
(Loading /usr/local/share/perl/5.34.0/LaTeXML/Package/hyperref.sty.ltxml...
(Loading /usr/local/share/perl/5.34.0/LaTeXML/Package/ltxcmds.sty.ltxml...
(Processing definitions /usr/share/texlive/texmf-dist/tex/generic/ltxcmds/ltxcmds.sty... 0.05 sec) 0.05 sec)
(Loading /usr/local/share/perl/5.34.0/LaTeXML/Package/keyval.sty.ltxml...
(Processing definitions /usr/share/texlive/texmf-dist/tex/latex/graphics/keyval.sty... 0.01 sec) 0.01 sec)
(Loading /usr/local/share/perl/5.34.0/LaTeXML/Package/kvsetkeys.sty.ltxml...
(Processing definitions /usr/share/texlive/texmf-dist/tex/generic/kvsetkeys/kvsetkeys.sty... 0.03 sec) 0.04 sec)
(Loading /usr/local/share/perl/5.34.0/LaTeXML/Package/kvdefinekeys.sty.ltxml...
(Processing definitions /usr/share/texlive/texmf-dist/tex/generic/kvdefinekeys/kvdefinekeys.sty... 0.01 sec) 0.01 sec)
(Loading /usr/local/share/perl/5.34.0/LaTeXML/Package/kvoptions.sty.ltxml...
(Processing definitions /usr/share/texlive/texmf-dist/tex/latex/kvoptions/kvoptions.sty... 0.07 sec) 0.07 sec)
(Loading /usr/local/share/perl/5.34.0/LaTeXML/Package/nameref.sty.ltxml...
(Loading /usr/local/share/perl/5.34.0/LaTeXML/Package/refcount.sty.ltxml...
(Processing definitions /usr/share/texlive/texmf-dist/tex/latex/refcount/refcount.sty...
(Loading /usr/local/share/perl/5.34.0/LaTeXML/Package/infwarerr.sty.ltxml...
(Processing definitions /usr/share/texlive/texmf-dist/tex/generic/infwarerr/infwarerr.sty... 0.02 sec) 0.03 sec) 0.06 sec) 0.06 sec)
(Loading /usr/local/share/perl/5.34.0/LaTeXML/Package/gettitlestring.sty.ltxml...
(Processing definitions /usr/share/texlive/texmf-dist/tex/generic/gettitlestring/gettitlestring.sty... 0.12 sec) 0.12 sec) 0.19 sec)
(Loading /usr/local/share/perl/5.34.0/LaTeXML/Package/bitset.sty.ltxml...
(Processing definitions /usr/share/texlive/texmf-dist/tex/generic/bitset/bitset.sty...
(Loading /usr/local/share/perl/5.34.0/LaTeXML/Package/intcalc.sty.ltxml...
(Processing definitions /usr/share/texlive/texmf-dist/tex/generic/intcalc/intcalc.sty... 0.03 sec) 0.03 sec)
(Loading /usr/local/share/perl/5.34.0/LaTeXML/Package/bigintcalc.sty.ltxml...
(Processing definitions /usr/share/texlive/texmf-dist/tex/generic/bigintcalc/bigintcalc.sty...
(Loading /usr/local/share/perl/5.34.0/LaTeXML/Package/pdftexcmds.sty.ltxml...
(Loading /usr/local/share/perl/5.34.0/LaTeXML/Package/iftex.sty.ltxml... 0.00 sec) 0.01 sec) 0.09 sec) 0.09 sec) 0.22 sec) 0.22 sec) 0.63 sec)
(Loading /usr/local/share/perl/5.34.0/LaTeXML/Package/wrapfig.sty.ltxml... 0.00 sec)
(Loading /usr/local/share/perl/5.34.0/LaTeXML/Package/listings.sty.ltxml...
(Processing definitions /usr/share/texlive/texmf-dist/tex/latex/listings/listings.cfg... 0.01 sec) 0.05 sec)
(Loading /usr/local/share/perl/5.34.0/LaTeXML/Package/geometry.sty.ltxml...
(Loading /usr/local/share/perl/5.34.0/LaTeXML/Package/ifpdf.sty.ltxml... 0.00 sec)
(Loading /usr/local/share/perl/5.34.0/LaTeXML/Package/ifvtex.sty.ltxml... 0.00 sec)
(Loading /usr/local/share/perl/5.34.0/LaTeXML/Package/ifxetex.sty.ltxml... 0.00 sec) 0.02 sec)
Warning:uninitialized:value Use of uninitialized value value in string eq
	at at /usr/local/share/perl/5.34.0/LaTeXML/Package/listings.sty.ltxml line 526, <$IN> line 57
	In Core::Definition::Expandable[\lst@@de... /usr/local/share/perl/5.34.0/LaTeXML/Package/listings.sty.ltxml; line 1154
(Processing definitions /usr/share/texlive/texmf-dist/tex/latex/listings/lstlang1.sty... 0.53 sec)
(Processing definitions /usr/share/texlive/texmf-dist/tex/latex/listings/lstlang2.sty... 0.25 sec)
(Processing definitions /usr/share/texlive/texmf-dist/tex/latex/listings/lstlang3.sty... 0.24 sec)
Warning:unexpected:LST@LANGUAGE@JAVASCRIPT No listings language 'JAVASCRIPT' found
	at turbocall.tex; line 149 col 0 - line 149 col 16
	In Core::Definition::Expandable[\lst@@la... /usr/local/share/perl/5.34.0/LaTeXML/Package/listings.sty.ltxml; line 741
Warning:unexpected:LST@LANGUAGE@JAVASCRIPT No listings language 'JAVASCRIPT' found
	at turbocall.tex; line 166 col 0 - line 166 col 16
	In Core::Definition::Expandable[\lst@@la... /usr/local/share/perl/5.34.0/LaTeXML/Package/listings.sty.ltxml; line 741
Warning:unexpected:LST@LANGUAGE@ASSEMBLY No listings language 'ASSEMBLY' found
	at turbocall.tex; line 179 col 0 - line 179 col 16
	In Core::Definition::Expandable[\lst@@la... /usr/local/share/perl/5.34.0/LaTeXML/Package/listings.sty.ltxml; line 741
 3.25 sec) 3.26 sec)
(Building...
(Loading compiled schema /usr/local/share/perl/5.34.0/LaTeXML/resources/RelaxNG/LaTeXML.model... 0.00 sec) 0.41 sec)
(Rewriting... 0.00 sec)
(Finalizing... 0.06 sec)
Conversion complete: 4 warnings (See /docdir/turbocall.latexml.log)
(post-processing...
(Scan docs/turbocall.html processing...
Scan: DBStatus: 585/0 objects
 0.04 sec)
(CrossRef docs/turbocall.html processing... 0.01 sec)
(Graphics docs/turbocall.html 2 to process...
Warning:expected:source No graphic source found; skipping
	source was assets/deno.png
	In Post::Graphics[@0x592194e39590] ->processGraphic
Warning:expected:source No graphic source found; skipping
	source was assets/turbocall-slide.png
	In Post::Graphics[@0x592194e39590] ->processGraphic
 0.00 sec)
(XSLT[using LaTeXML-html5.xsl] docs/turbocall.html processing... 0.02 sec)
(Writer docs/turbocall.html processing... 0.00 sec) 0.07 sec)
Post-processing complete: 2 warnings (See /docdir/turbocall.latexml.log)
processing finished Sun Jun  9 15:20:44 2024
Status:conversion:1
